#-----------------------------------------------------------
# Vivado v2020.1 (64-bit)
# SW Build 2902540 on Wed May 27 19:54:49 MDT 2020
# IP Build 2902112 on Wed May 27 22:43:36 MDT 2020
# Start of session at: Tue Dec  8 22:27:13 2020
# Process ID: 17940
# Current directory: C:/Users/4ever/Documents/GitHub/SOMvhdl
# Command line: vivado.exe -gui_launcher_event rodinguilauncherevent7656 C:\Users\4ever\Documents\GitHub\SOMvhdl\SOMvhdl.xpr
# Log file: C:/Users/4ever/Documents/GitHub/SOMvhdl/vivado.log
# Journal file: C:/Users/4ever/Documents/GitHub/SOMvhdl\vivado.jou
#-----------------------------------------------------------
start_gui
open_project C:/Users/4ever/Documents/GitHub/SOMvhdl/SOMvhdl.xpr
Scanning sources...
Finished scanning sources
INFO: [IP_Flow 19-234] Refreshing IP repositories
INFO: [IP_Flow 19-1704] No user IP repositories specified
INFO: [Common 17-41] Interrupt caught. Command should exit soon.
INFO: [IP_Flow 19-2313] Loaded Vivado IP repository 'C:/Xilinx/Vivado/2020.1/data/ip'.
INFO: [IP_Flow 19-2338] Canceling the changes to the IP catalog. Reverting the catalog back to its previous state.
INFO: [IP_Flow 19-2340] The IP catalog has been returned to its previous state.
INFO: [Common 17-344] 'open_project' was cancelled
exit
INFO: [Common 17-206] Exiting Vivado at Tue Dec  8 22:27:36 2020...
